[0.245s] DEBUG:colcon:Command line arguments: ['/usr/bin/colcon', 'build', '--packages-select', 'cpp_pubsub']
[0.245s] DEBUG:colcon:Parsed command line arguments: Namespace(log_base=None, log_level=None, verb_name='build', build_base='build', install_base='install', merge_install=False, symlink_install=False, test_result_base=None, continue_on_error=False, executor='parallel', parallel_workers=4, event_handlers=None, ignore_user_meta=False, metas=['./colcon.meta'], base_paths=['.'], packages_ignore=None, packages_ignore_regex=None, paths=None, packages_up_to=None, packages_up_to_regex=None, packages_above=None, packages_above_and_dependencies=None, packages_above_depth=None, packages_select_by_dep=None, packages_skip_by_dep=None, packages_skip_up_to=None, packages_select_build_failed=False, packages_skip_build_finished=False, packages_select_test_failures=False, packages_skip_test_passed=False, packages_select=['cpp_pubsub'], packages_skip=None, packages_select_regex=None, packages_skip_regex=None, packages_start=None, packages_end=None, allow_overriding=[], cmake_args=None, cmake_target=None, cmake_target_skip_unavailable=False, cmake_clean_cache=False, cmake_clean_first=False, cmake_force_configure=False, ament_cmake_args=None, catkin_cmake_args=None, catkin_skip_building_tests=False, verb_parser=<colcon_defaults.argument_parser.defaults.DefaultArgumentsDecorator object at 0x7f116a9cf520>, verb_extension=<colcon_core.verb.build.BuildVerb object at 0x7f116b37e2f0>, main=<bound method BuildVerb.main of <colcon_core.verb.build.BuildVerb object at 0x7f116b37e2f0>>)
[0.273s] Level 1:colcon.colcon_core.package_discovery:discover_packages(colcon_meta) check parameters
[0.274s] Level 1:colcon.colcon_core.package_discovery:discover_packages(recursive) check parameters
[0.274s] Level 1:colcon.colcon_core.package_discovery:discover_packages(ignore) check parameters
[0.274s] Level 1:colcon.colcon_core.package_discovery:discover_packages(path) check parameters
[0.274s] Level 1:colcon.colcon_core.package_discovery:discover_packages(colcon_meta) discover
[0.274s] Level 1:colcon.colcon_core.package_discovery:discover_packages(recursive) discover
[0.274s] INFO:colcon.colcon_core.package_discovery:Crawling recursively for packages in '/home/beka/ros2_foxy/src/tutorial_interfaces'
[0.274s] Level 1:colcon.colcon_core.package_identification:_identify(.) by extensions ['ignore', 'ignore_ament_install']
[0.274s] Level 1:colcon.colcon_core.package_identification:_identify(.) by extension 'ignore'
[0.274s] Level 1:colcon.colcon_core.package_identification:_identify(.) by extension 'ignore_ament_install'
[0.274s] Level 1:colcon.colcon_core.package_identification:_identify(.) by extensions ['colcon_pkg']
[0.274s] Level 1:colcon.colcon_core.package_identification:_identify(.) by extension 'colcon_pkg'
[0.274s] Level 1:colcon.colcon_core.package_identification:_identify(.) by extensions ['colcon_meta']
[0.274s] Level 1:colcon.colcon_core.package_identification:_identify(.) by extension 'colcon_meta'
[0.274s] Level 1:colcon.colcon_core.package_identification:_identify(.) by extensions ['ros']
[0.274s] Level 1:colcon.colcon_core.package_identification:_identify(.) by extension 'ros'
[0.285s] DEBUG:colcon.colcon_core.package_identification:Found ROS schema reference in package manifest in '.'
[0.285s] WARNING:colcon.colcon_core.package_identification:Failed to parse ROS package manifest in '.': Error(s) in package './package.xml':
The package "tutorial_interfaces" must not "build_depend" on a package with the same name as this package
The package "tutorial_interfaces" must not "build_export_depend" on a package with the same name as this package
The package "tutorial_interfaces" must not "exec_depend" on a package with the same name as this package
[0.285s] Level 1:colcon.colcon_core.package_identification:_identify(.) by extensions ['cmake', 'python']
[0.285s] Level 1:colcon.colcon_core.package_identification:_identify(.) by extension 'cmake'
[0.306s] Level 1:colcon.colcon_core.package_identification:_identify(.) by extension 'python'
[0.306s] DEBUG:colcon.colcon_core.package_identification:Package '.' with type 'cmake' and name 'tutorial_interfaces'
[0.306s] Level 1:colcon.colcon_core.package_discovery:discover_packages(recursive) using defaults
[0.307s] Level 1:colcon.colcon_core.package_discovery:discover_packages(ignore) discover
[0.307s] Level 1:colcon.colcon_core.package_discovery:discover_packages(ignore) using defaults
[0.307s] Level 1:colcon.colcon_core.package_discovery:discover_packages(path) discover
[0.307s] Level 1:colcon.colcon_core.package_discovery:discover_packages(path) using defaults
[0.310s] WARNING:colcon.colcon_core.package_selection:ignoring unknown package 'cpp_pubsub' in --packages-select
[0.333s] INFO:colcon.colcon_core.package_selection:Skipping not selected package 'tutorial_interfaces' in '.'
[0.334s] Level 1:colcon.colcon_core.package_discovery:discover_packages(prefix_path) check parameters
[0.334s] Level 1:colcon.colcon_core.package_discovery:discover_packages(prefix_path) discover
[0.337s] DEBUG:colcon.colcon_installed_package_information.package_discovery:Found 270 installed packages in /opt/ros/humble
[0.338s] Level 1:colcon.colcon_core.package_discovery:discover_packages(prefix_path) using defaults
[0.378s] INFO:colcon.colcon_core.executor:Executing jobs using 'parallel' executor
[0.384s] DEBUG:colcon.colcon_parallel_executor.executor.parallel:run_until_complete
[0.384s] DEBUG:colcon.colcon_parallel_executor.executor.parallel:closing loop
[0.384s] DEBUG:colcon.colcon_parallel_executor.executor.parallel:loop closed
[0.384s] DEBUG:colcon.colcon_parallel_executor.executor.parallel:run_until_complete finished with '0'
[0.384s] DEBUG:colcon.colcon_core.event_reactor:joining thread
[0.392s] INFO:colcon.colcon_core.plugin_system:Skipping extension 'colcon_notification.desktop_notification.terminal_notifier': Not used on non-Darwin systems
[0.392s] INFO:colcon.colcon_core.plugin_system:Skipping extension 'colcon_notification.desktop_notification.win32': Not used on non-Windows systems
[0.392s] INFO:colcon.colcon_notification.desktop_notification:Sending desktop notification using 'notify2'
[0.403s] DEBUG:colcon.colcon_core.event_reactor:joined thread
[0.407s] INFO:colcon.colcon_core.plugin_system:Skipping extension 'colcon_core.shell.bat': Not used on non-Windows systems
[0.408s] INFO:colcon.colcon_core.shell:Creating prefix script '/home/beka/ros2_foxy/src/tutorial_interfaces/install/local_setup.ps1'
[0.408s] INFO:colcon.colcon_core.shell:Creating prefix util module '/home/beka/ros2_foxy/src/tutorial_interfaces/install/_local_setup_util_ps1.py'
[0.410s] INFO:colcon.colcon_core.shell:Creating prefix chain script '/home/beka/ros2_foxy/src/tutorial_interfaces/install/setup.ps1'
[0.411s] INFO:colcon.colcon_core.shell:Creating prefix script '/home/beka/ros2_foxy/src/tutorial_interfaces/install/local_setup.sh'
[0.412s] INFO:colcon.colcon_core.shell:Creating prefix util module '/home/beka/ros2_foxy/src/tutorial_interfaces/install/_local_setup_util_sh.py'
[0.412s] INFO:colcon.colcon_core.shell:Creating prefix chain script '/home/beka/ros2_foxy/src/tutorial_interfaces/install/setup.sh'
[0.415s] INFO:colcon.colcon_core.shell:Creating prefix script '/home/beka/ros2_foxy/src/tutorial_interfaces/install/local_setup.bash'
[0.415s] INFO:colcon.colcon_core.shell:Creating prefix chain script '/home/beka/ros2_foxy/src/tutorial_interfaces/install/setup.bash'
[0.417s] INFO:colcon.colcon_core.shell:Creating prefix script '/home/beka/ros2_foxy/src/tutorial_interfaces/install/local_setup.zsh'
[0.418s] INFO:colcon.colcon_core.shell:Creating prefix chain script '/home/beka/ros2_foxy/src/tutorial_interfaces/install/setup.zsh'
