[0.243s] DEBUG:colcon:Command line arguments: ['/usr/bin/colcon', 'build', '--packages-select', 'tutorial_interfaces']
[0.243s] DEBUG:colcon:Parsed command line arguments: Namespace(log_base=None, log_level=None, verb_name='build', build_base='build', install_base='install', merge_install=False, symlink_install=False, test_result_base=None, continue_on_error=False, executor='parallel', parallel_workers=4, event_handlers=None, ignore_user_meta=False, metas=['./colcon.meta'], base_paths=['.'], packages_ignore=None, packages_ignore_regex=None, paths=None, packages_up_to=None, packages_up_to_regex=None, packages_above=None, packages_above_and_dependencies=None, packages_above_depth=None, packages_select_by_dep=None, packages_skip_by_dep=None, packages_skip_up_to=None, packages_select_build_failed=False, packages_skip_build_finished=False, packages_select_test_failures=False, packages_skip_test_passed=False, packages_select=['tutorial_interfaces'], packages_skip=None, packages_select_regex=None, packages_skip_regex=None, packages_start=None, packages_end=None, allow_overriding=[], cmake_args=None, cmake_target=None, cmake_target_skip_unavailable=False, cmake_clean_cache=False, cmake_clean_first=False, cmake_force_configure=False, ament_cmake_args=None, catkin_cmake_args=None, catkin_skip_building_tests=False, verb_parser=<colcon_defaults.argument_parser.defaults.DefaultArgumentsDecorator object at 0x7f8988c27490>, verb_extension=<colcon_core.verb.build.BuildVerb object at 0x7f89895c4850>, main=<bound method BuildVerb.main of <colcon_core.verb.build.BuildVerb object at 0x7f89895c4850>>)
[0.274s] Level 1:colcon.colcon_core.package_discovery:discover_packages(colcon_meta) check parameters
[0.274s] Level 1:colcon.colcon_core.package_discovery:discover_packages(recursive) check parameters
[0.274s] Level 1:colcon.colcon_core.package_discovery:discover_packages(ignore) check parameters
[0.274s] Level 1:colcon.colcon_core.package_discovery:discover_packages(path) check parameters
[0.275s] Level 1:colcon.colcon_core.package_discovery:discover_packages(colcon_meta) discover
[0.275s] Level 1:colcon.colcon_core.package_discovery:discover_packages(recursive) discover
[0.275s] INFO:colcon.colcon_core.package_discovery:Crawling recursively for packages in '/home/beka/ros2_foxy/src/tutorial_interfaces'
[0.275s] Level 1:colcon.colcon_core.package_identification:_identify(.) by extensions ['ignore', 'ignore_ament_install']
[0.275s] Level 1:colcon.colcon_core.package_identification:_identify(.) by extension 'ignore'
[0.275s] Level 1:colcon.colcon_core.package_identification:_identify(.) by extension 'ignore_ament_install'
[0.275s] Level 1:colcon.colcon_core.package_identification:_identify(.) by extensions ['colcon_pkg']
[0.275s] Level 1:colcon.colcon_core.package_identification:_identify(.) by extension 'colcon_pkg'
[0.275s] Level 1:colcon.colcon_core.package_identification:_identify(.) by extensions ['colcon_meta']
[0.275s] Level 1:colcon.colcon_core.package_identification:_identify(.) by extension 'colcon_meta'
[0.275s] Level 1:colcon.colcon_core.package_identification:_identify(.) by extensions ['ros']
[0.275s] Level 1:colcon.colcon_core.package_identification:_identify(.) by extension 'ros'
[0.288s] DEBUG:colcon.colcon_core.package_identification:Package '.' with type 'ros.ament_cmake' and name 'tutorial_interfaces'
[0.288s] Level 1:colcon.colcon_core.package_discovery:discover_packages(recursive) using defaults
[0.288s] Level 1:colcon.colcon_core.package_discovery:discover_packages(ignore) discover
[0.288s] Level 1:colcon.colcon_core.package_discovery:discover_packages(ignore) using defaults
[0.288s] Level 1:colcon.colcon_core.package_discovery:discover_packages(path) discover
[0.288s] Level 1:colcon.colcon_core.package_discovery:discover_packages(path) using defaults
[0.311s] Level 1:colcon.colcon_core.package_discovery:discover_packages(prefix_path) check parameters
[0.311s] Level 1:colcon.colcon_core.package_discovery:discover_packages(prefix_path) discover
[0.314s] DEBUG:colcon.colcon_installed_package_information.package_discovery:Found 270 installed packages in /opt/ros/humble
[0.315s] Level 1:colcon.colcon_core.package_discovery:discover_packages(prefix_path) using defaults
[0.367s] Level 5:colcon.colcon_core.verb:set package 'tutorial_interfaces' build argument 'cmake_args' from command line to 'None'
[0.367s] Level 5:colcon.colcon_core.verb:set package 'tutorial_interfaces' build argument 'cmake_target' from command line to 'None'
[0.367s] Level 5:colcon.colcon_core.verb:set package 'tutorial_interfaces' build argument 'cmake_target_skip_unavailable' from command line to 'False'
[0.367s] Level 5:colcon.colcon_core.verb:set package 'tutorial_interfaces' build argument 'cmake_clean_cache' from command line to 'False'
[0.367s] Level 5:colcon.colcon_core.verb:set package 'tutorial_interfaces' build argument 'cmake_clean_first' from command line to 'False'
[0.367s] Level 5:colcon.colcon_core.verb:set package 'tutorial_interfaces' build argument 'cmake_force_configure' from command line to 'False'
[0.367s] Level 5:colcon.colcon_core.verb:set package 'tutorial_interfaces' build argument 'ament_cmake_args' from command line to 'None'
[0.367s] Level 5:colcon.colcon_core.verb:set package 'tutorial_interfaces' build argument 'catkin_cmake_args' from command line to 'None'
[0.368s] Level 5:colcon.colcon_core.verb:set package 'tutorial_interfaces' build argument 'catkin_skip_building_tests' from command line to 'False'
[0.368s] DEBUG:colcon.colcon_core.verb:Building package 'tutorial_interfaces' with the following arguments: {'ament_cmake_args': None, 'build_base': '/home/beka/ros2_foxy/src/tutorial_interfaces/build/tutorial_interfaces', 'catkin_cmake_args': None, 'catkin_skip_building_tests': False, 'cmake_args': None, 'cmake_clean_cache': False, 'cmake_clean_first': False, 'cmake_force_configure': False, 'cmake_target': None, 'cmake_target_skip_unavailable': False, 'install_base': '/home/beka/ros2_foxy/src/tutorial_interfaces/install/tutorial_interfaces', 'merge_install': False, 'path': '/home/beka/ros2_foxy/src/tutorial_interfaces', 'symlink_install': False, 'test_result_base': None}
[0.368s] INFO:colcon.colcon_core.executor:Executing jobs using 'parallel' executor
[0.376s] DEBUG:colcon.colcon_parallel_executor.executor.parallel:run_until_complete
[0.376s] INFO:colcon.colcon_ros.task.ament_cmake.build:Building ROS package in '/home/beka/ros2_foxy/src/tutorial_interfaces' with build type 'ament_cmake'
[0.377s] INFO:colcon.colcon_cmake.task.cmake.build:Building CMake package in '/home/beka/ros2_foxy/src/tutorial_interfaces'
[0.385s] INFO:colcon.colcon_core.plugin_system:Skipping extension 'colcon_core.shell.bat': Not used on non-Windows systems
[0.385s] INFO:colcon.colcon_core.shell:Skip shell extension 'powershell' for command environment: Not usable outside of PowerShell
[0.385s] DEBUG:colcon.colcon_core.shell:Skip shell extension 'dsv' for command environment
[0.394s] DEBUG:colcon.colcon_core.event_handler.log_command:Invoking command in '/home/beka/ros2_foxy/src/tutorial_interfaces/build/tutorial_interfaces': CMAKE_PREFIX_PATH=/opt/ros/humble /usr/bin/cmake /home/beka/ros2_foxy/src/tutorial_interfaces -DCMAKE_INSTALL_PREFIX=/home/beka/ros2_foxy/src/tutorial_interfaces/install/tutorial_interfaces
[2.019s] DEBUG:colcon.colcon_core.event_handler.log_command:Invoked command in '/home/beka/ros2_foxy/src/tutorial_interfaces/build/tutorial_interfaces' returned '0': CMAKE_PREFIX_PATH=/opt/ros/humble /usr/bin/cmake /home/beka/ros2_foxy/src/tutorial_interfaces -DCMAKE_INSTALL_PREFIX=/home/beka/ros2_foxy/src/tutorial_interfaces/install/tutorial_interfaces
[2.019s] DEBUG:colcon.colcon_core.event_handler.log_command:Invoking command in '/home/beka/ros2_foxy/src/tutorial_interfaces/build/tutorial_interfaces': CMAKE_PREFIX_PATH=/opt/ros/humble /usr/bin/cmake --build /home/beka/ros2_foxy/src/tutorial_interfaces/build/tutorial_interfaces -- -j4 -l4
[5.951s] DEBUG:colcon.colcon_core.event_handler.log_command:Invoked command in '/home/beka/ros2_foxy/src/tutorial_interfaces/build/tutorial_interfaces' returned '0': CMAKE_PREFIX_PATH=/opt/ros/humble /usr/bin/cmake --build /home/beka/ros2_foxy/src/tutorial_interfaces/build/tutorial_interfaces -- -j4 -l4
[6.040s] DEBUG:colcon.colcon_core.event_handler.log_command:Invoking command in '/home/beka/ros2_foxy/src/tutorial_interfaces/build/tutorial_interfaces': CMAKE_PREFIX_PATH=/opt/ros/humble /usr/bin/cmake --install /home/beka/ros2_foxy/src/tutorial_interfaces/build/tutorial_interfaces
[6.107s] Level 1:colcon.colcon_core.environment:create_environment_scripts_only(tutorial_interfaces)
[6.107s] DEBUG:colcon.colcon_core.event_handler.log_command:Invoked command in '/home/beka/ros2_foxy/src/tutorial_interfaces/build/tutorial_interfaces' returned '0': CMAKE_PREFIX_PATH=/opt/ros/humble /usr/bin/cmake --install /home/beka/ros2_foxy/src/tutorial_interfaces/build/tutorial_interfaces
[6.112s] Level 1:colcon.colcon_core.environment:checking '/home/beka/ros2_foxy/src/tutorial_interfaces/install/tutorial_interfaces' for CMake module files
[6.113s] Level 1:colcon.colcon_core.environment:checking '/home/beka/ros2_foxy/src/tutorial_interfaces/install/tutorial_interfaces' for CMake config files
[6.113s] Level 1:colcon.colcon_core.shell:create_environment_hook('tutorial_interfaces', 'cmake_prefix_path')
[6.115s] INFO:colcon.colcon_core.shell:Creating environment hook '/home/beka/ros2_foxy/src/tutorial_interfaces/install/tutorial_interfaces/share/tutorial_interfaces/hook/cmake_prefix_path.ps1'
[6.115s] INFO:colcon.colcon_core.shell:Creating environment descriptor '/home/beka/ros2_foxy/src/tutorial_interfaces/install/tutorial_interfaces/share/tutorial_interfaces/hook/cmake_prefix_path.dsv'
[6.116s] INFO:colcon.colcon_core.shell:Creating environment hook '/home/beka/ros2_foxy/src/tutorial_interfaces/install/tutorial_interfaces/share/tutorial_interfaces/hook/cmake_prefix_path.sh'
[6.116s] Level 1:colcon.colcon_core.environment:checking '/home/beka/ros2_foxy/src/tutorial_interfaces/install/tutorial_interfaces/lib'
[6.117s] Level 1:colcon.colcon_core.shell:create_environment_hook('tutorial_interfaces', 'ld_library_path_lib')
[6.118s] INFO:colcon.colcon_core.shell:Creating environment hook '/home/beka/ros2_foxy/src/tutorial_interfaces/install/tutorial_interfaces/share/tutorial_interfaces/hook/ld_library_path_lib.ps1'
[6.119s] INFO:colcon.colcon_core.shell:Creating environment descriptor '/home/beka/ros2_foxy/src/tutorial_interfaces/install/tutorial_interfaces/share/tutorial_interfaces/hook/ld_library_path_lib.dsv'
[6.119s] INFO:colcon.colcon_core.shell:Creating environment hook '/home/beka/ros2_foxy/src/tutorial_interfaces/install/tutorial_interfaces/share/tutorial_interfaces/hook/ld_library_path_lib.sh'
[6.119s] Level 1:colcon.colcon_core.environment:checking '/home/beka/ros2_foxy/src/tutorial_interfaces/install/tutorial_interfaces/bin'
[6.119s] Level 1:colcon.colcon_core.environment:checking '/home/beka/ros2_foxy/src/tutorial_interfaces/install/tutorial_interfaces/lib/pkgconfig/tutorial_interfaces.pc'
[6.119s] Level 1:colcon.colcon_core.environment:checking '/home/beka/ros2_foxy/src/tutorial_interfaces/install/tutorial_interfaces/lib/python3.10/site-packages'
[6.119s] Level 1:colcon.colcon_core.environment:checking '/home/beka/ros2_foxy/src/tutorial_interfaces/install/tutorial_interfaces/bin'
[6.121s] INFO:colcon.colcon_core.shell:Creating package script '/home/beka/ros2_foxy/src/tutorial_interfaces/install/tutorial_interfaces/share/tutorial_interfaces/package.ps1'
[6.122s] INFO:colcon.colcon_core.shell:Creating package descriptor '/home/beka/ros2_foxy/src/tutorial_interfaces/install/tutorial_interfaces/share/tutorial_interfaces/package.dsv'
[6.123s] INFO:colcon.colcon_core.shell:Creating package script '/home/beka/ros2_foxy/src/tutorial_interfaces/install/tutorial_interfaces/share/tutorial_interfaces/package.sh'
[6.123s] INFO:colcon.colcon_core.shell:Creating package script '/home/beka/ros2_foxy/src/tutorial_interfaces/install/tutorial_interfaces/share/tutorial_interfaces/package.bash'
[6.124s] INFO:colcon.colcon_core.shell:Creating package script '/home/beka/ros2_foxy/src/tutorial_interfaces/install/tutorial_interfaces/share/tutorial_interfaces/package.zsh'
[6.124s] Level 1:colcon.colcon_core.environment:create_file_with_runtime_dependencies(/home/beka/ros2_foxy/src/tutorial_interfaces/install/tutorial_interfaces/share/colcon-core/packages/tutorial_interfaces)
[6.213s] Level 1:colcon.colcon_core.environment:create_environment_scripts_only(tutorial_interfaces)
[6.216s] Level 1:colcon.colcon_core.environment:checking '/home/beka/ros2_foxy/src/tutorial_interfaces/install/tutorial_interfaces' for CMake module files
[6.217s] Level 1:colcon.colcon_core.environment:checking '/home/beka/ros2_foxy/src/tutorial_interfaces/install/tutorial_interfaces' for CMake config files
[6.217s] Level 1:colcon.colcon_core.shell:create_environment_hook('tutorial_interfaces', 'cmake_prefix_path')
[6.219s] INFO:colcon.colcon_core.shell:Creating environment hook '/home/beka/ros2_foxy/src/tutorial_interfaces/install/tutorial_interfaces/share/tutorial_interfaces/hook/cmake_prefix_path.ps1'
[6.219s] INFO:colcon.colcon_core.shell:Creating environment descriptor '/home/beka/ros2_foxy/src/tutorial_interfaces/install/tutorial_interfaces/share/tutorial_interfaces/hook/cmake_prefix_path.dsv'
[6.220s] INFO:colcon.colcon_core.shell:Creating environment hook '/home/beka/ros2_foxy/src/tutorial_interfaces/install/tutorial_interfaces/share/tutorial_interfaces/hook/cmake_prefix_path.sh'
[6.220s] Level 1:colcon.colcon_core.environment:checking '/home/beka/ros2_foxy/src/tutorial_interfaces/install/tutorial_interfaces/lib'
[6.220s] Level 1:colcon.colcon_core.shell:create_environment_hook('tutorial_interfaces', 'ld_library_path_lib')
[6.222s] INFO:colcon.colcon_core.shell:Creating environment hook '/home/beka/ros2_foxy/src/tutorial_interfaces/install/tutorial_interfaces/share/tutorial_interfaces/hook/ld_library_path_lib.ps1'
[6.223s] INFO:colcon.colcon_core.shell:Creating environment descriptor '/home/beka/ros2_foxy/src/tutorial_interfaces/install/tutorial_interfaces/share/tutorial_interfaces/hook/ld_library_path_lib.dsv'
[6.223s] INFO:colcon.colcon_core.shell:Creating environment hook '/home/beka/ros2_foxy/src/tutorial_interfaces/install/tutorial_interfaces/share/tutorial_interfaces/hook/ld_library_path_lib.sh'
[6.223s] Level 1:colcon.colcon_core.environment:checking '/home/beka/ros2_foxy/src/tutorial_interfaces/install/tutorial_interfaces/bin'
[6.223s] Level 1:colcon.colcon_core.environment:checking '/home/beka/ros2_foxy/src/tutorial_interfaces/install/tutorial_interfaces/lib/pkgconfig/tutorial_interfaces.pc'
[6.224s] Level 1:colcon.colcon_core.environment:checking '/home/beka/ros2_foxy/src/tutorial_interfaces/install/tutorial_interfaces/lib/python3.10/site-packages'
[6.224s] Level 1:colcon.colcon_core.environment:checking '/home/beka/ros2_foxy/src/tutorial_interfaces/install/tutorial_interfaces/bin'
[6.226s] INFO:colcon.colcon_core.shell:Creating package script '/home/beka/ros2_foxy/src/tutorial_interfaces/install/tutorial_interfaces/share/tutorial_interfaces/package.ps1'
[6.226s] INFO:colcon.colcon_core.shell:Creating package descriptor '/home/beka/ros2_foxy/src/tutorial_interfaces/install/tutorial_interfaces/share/tutorial_interfaces/package.dsv'
[6.227s] INFO:colcon.colcon_core.shell:Creating package script '/home/beka/ros2_foxy/src/tutorial_interfaces/install/tutorial_interfaces/share/tutorial_interfaces/package.sh'
[6.227s] INFO:colcon.colcon_core.shell:Creating package script '/home/beka/ros2_foxy/src/tutorial_interfaces/install/tutorial_interfaces/share/tutorial_interfaces/package.bash'
[6.227s] INFO:colcon.colcon_core.shell:Creating package script '/home/beka/ros2_foxy/src/tutorial_interfaces/install/tutorial_interfaces/share/tutorial_interfaces/package.zsh'
[6.228s] Level 1:colcon.colcon_core.environment:create_file_with_runtime_dependencies(/home/beka/ros2_foxy/src/tutorial_interfaces/install/tutorial_interfaces/share/colcon-core/packages/tutorial_interfaces)
[6.228s] DEBUG:colcon.colcon_parallel_executor.executor.parallel:closing loop
[6.229s] DEBUG:colcon.colcon_parallel_executor.executor.parallel:loop closed
[6.229s] DEBUG:colcon.colcon_parallel_executor.executor.parallel:run_until_complete finished with '0'
[6.229s] DEBUG:colcon.colcon_core.event_reactor:joining thread
[6.239s] INFO:colcon.colcon_core.plugin_system:Skipping extension 'colcon_notification.desktop_notification.terminal_notifier': Not used on non-Darwin systems
[6.239s] INFO:colcon.colcon_core.plugin_system:Skipping extension 'colcon_notification.desktop_notification.win32': Not used on non-Windows systems
[6.239s] INFO:colcon.colcon_notification.desktop_notification:Sending desktop notification using 'notify2'
[6.251s] DEBUG:colcon.colcon_core.event_reactor:joined thread
[6.253s] INFO:colcon.colcon_core.shell:Creating prefix script '/home/beka/ros2_foxy/src/tutorial_interfaces/install/local_setup.ps1'
[6.254s] INFO:colcon.colcon_core.shell:Creating prefix util module '/home/beka/ros2_foxy/src/tutorial_interfaces/install/_local_setup_util_ps1.py'
[6.255s] INFO:colcon.colcon_core.shell:Creating prefix chain script '/home/beka/ros2_foxy/src/tutorial_interfaces/install/setup.ps1'
[6.256s] INFO:colcon.colcon_core.shell:Creating prefix script '/home/beka/ros2_foxy/src/tutorial_interfaces/install/local_setup.sh'
[6.257s] INFO:colcon.colcon_core.shell:Creating prefix util module '/home/beka/ros2_foxy/src/tutorial_interfaces/install/_local_setup_util_sh.py'
[6.257s] INFO:colcon.colcon_core.shell:Creating prefix chain script '/home/beka/ros2_foxy/src/tutorial_interfaces/install/setup.sh'
[6.258s] INFO:colcon.colcon_core.shell:Creating prefix script '/home/beka/ros2_foxy/src/tutorial_interfaces/install/local_setup.bash'
[6.258s] INFO:colcon.colcon_core.shell:Creating prefix chain script '/home/beka/ros2_foxy/src/tutorial_interfaces/install/setup.bash'
[6.259s] INFO:colcon.colcon_core.shell:Creating prefix script '/home/beka/ros2_foxy/src/tutorial_interfaces/install/local_setup.zsh'
[6.260s] INFO:colcon.colcon_core.shell:Creating prefix chain script '/home/beka/ros2_foxy/src/tutorial_interfaces/install/setup.zsh'
